C:\CPPDEV13\L3P1\DEBUG\BOOLWRAPPER.OBJ
C:\CPPDEV13\L3P1\DEBUG\CHARWRAPPER.OBJ
C:\CPPDEV13\L3P1\DEBUG\FILEBASE.OBJ
C:\CPPDEV13\L3P1\DEBUG\FLOATWRAPPER.OBJ
C:\CPPDEV13\L3P1\DEBUG\INTWRAPPER.OBJ
C:\CPPDEV13\L3P1\DEBUG\LONGWRAPPER.OBJ
C:\CPPDEV13\L3P1\DEBUG\TEXT.OBJ
C:\CPPDEV13\L3P1\DEBUG\DRIVER.OBJ
C:\CPPDEV13\L3P1\DEBUG\VC110.PDB
C:\CPPDEV13\L3P1\DEBUG\L3P1.ILK
C:\CPPDEV13\L3P1\DEBUG\L3P1.EXE
C:\CPPDEV13\L3P1\DEBUG\L3P1.PDB
C:\CppDev13\L3P1\Debug\BoolWrapper.obj
C:\CppDev13\L3P1\Debug\CharWrapper.obj
C:\CppDev13\L3P1\Debug\driver.obj
C:\CppDev13\L3P1\Debug\FileBase.obj
C:\CppDev13\L3P1\Debug\FloatWrapper.obj
C:\CppDev13\L3P1\Debug\IntWrapper.obj
C:\CppDev13\L3P1\Debug\LongWrapper.obj
C:\CppDev13\L3P1\Debug\Text.obj
C:\CppDev13\L3P1\Debug\L3P1.ilk
C:\CppDev13\L3P1\Debug\cl.command.1.tlog
C:\CppDev13\L3P1\Debug\CL.read.1.tlog
C:\CppDev13\L3P1\Debug\CL.write.1.tlog
C:\CppDev13\L3P1\Debug\link-cvtres.read.1.tlog
C:\CppDev13\L3P1\Debug\link-cvtres.write.1.tlog
C:\CppDev13\L3P1\Debug\link-rc.read.1.tlog
C:\CppDev13\L3P1\Debug\link-rc.write.1.tlog
C:\CppDev13\L3P1\Debug\link.4420-cvtres.read.1.tlog
C:\CppDev13\L3P1\Debug\link.4420-cvtres.write.1.tlog
C:\CppDev13\L3P1\Debug\link.4420-rc.read.1.tlog
C:\CppDev13\L3P1\Debug\link.4420-rc.write.1.tlog
C:\CppDev13\L3P1\Debug\link.4420.read.1.tlog
C:\CppDev13\L3P1\Debug\link.4420.write.1.tlog
C:\CppDev13\L3P1\Debug\link.command.1.tlog
C:\CppDev13\L3P1\Debug\link.read.1.tlog
C:\CppDev13\L3P1\Debug\link.write.1.tlog
C:\CppDev13\L3P1\Debug\vc110.idb
C:\CppDev13\L3P1\Debug\L3P1.pdb
C:\CppDev13\L3P1\Debug\vc110.pdb
C:\CppDev13\L3P1\Debug\L3P1.exe
