C:\CPPDEV13\L2P2WIN\DEBUG\L2P2WIN.PCH
C:\CPPDEV13\L2P2WIN\DEBUG\STDAFX.OBJ
C:\CPPDEV13\L2P2WIN\DEBUG\VC110.PDB
C:\CPPDEV13\L2P2WIN\DEBUG\BOOLWRAPPER.OBJ
C:\CPPDEV13\L2P2WIN\DEBUG\CHARWRAPPER.OBJ
C:\CPPDEV13\L2P2WIN\DEBUG\FILEBASE.OBJ
C:\CPPDEV13\L2P2WIN\DEBUG\FLOATWRAPPER.OBJ
C:\CPPDEV13\L2P2WIN\DEBUG\INTWRAPPER.OBJ
C:\CPPDEV13\L2P2WIN\DEBUG\LONGWRAPPER.OBJ
C:\CPPDEV13\L2P2WIN\DEBUG\TEXT.OBJ
C:\CPPDEV13\L2P2WIN\DEBUG\L2P2WIN.OBJ
C:\CPPDEV13\L2P2WIN\DEBUG\L2P2WIN.ILK
C:\CPPDEV13\L2P2WIN\DEBUG\L2P2WIN.EXE
C:\CPPDEV13\L2P2WIN\DEBUG\L2P2WIN.PDB
C:\CPPDEV13\L2P2WIN\DEBUG\L2P2WIN.RES
C:\CppDev13\L2P2Win\Debug\BoolWrapper.obj
C:\CppDev13\L2P2Win\Debug\CharWrapper.obj
C:\CppDev13\L2P2Win\Debug\FileBase.obj
C:\CppDev13\L2P2Win\Debug\FloatWrapper.obj
C:\CppDev13\L2P2Win\Debug\IntWrapper.obj
C:\CppDev13\L2P2Win\Debug\L2P2Win.obj
C:\CppDev13\L2P2Win\Debug\LongWrapper.obj
C:\CppDev13\L2P2Win\Debug\stdafx.obj
C:\CppDev13\L2P2Win\Debug\Text.obj
C:\CppDev13\L2P2Win\Debug\L2P2Win.ilk
C:\CppDev13\L2P2Win\Debug\cl.command.1.tlog
C:\CppDev13\L2P2Win\Debug\CL.read.1.tlog
C:\CppDev13\L2P2Win\Debug\CL.write.1.tlog
C:\CppDev13\L2P2Win\Debug\link-cvtres.read.1.tlog
C:\CppDev13\L2P2Win\Debug\link-cvtres.write.1.tlog
C:\CppDev13\L2P2Win\Debug\link-rc.read.1.tlog
C:\CppDev13\L2P2Win\Debug\link-rc.write.1.tlog
C:\CppDev13\L2P2Win\Debug\link.2228-cvtres.read.1.tlog
C:\CppDev13\L2P2Win\Debug\link.2228-cvtres.write.1.tlog
C:\CppDev13\L2P2Win\Debug\link.2228-rc.read.1.tlog
C:\CppDev13\L2P2Win\Debug\link.2228-rc.write.1.tlog
C:\CppDev13\L2P2Win\Debug\link.2228.read.1.tlog
C:\CppDev13\L2P2Win\Debug\link.2228.write.1.tlog
C:\CppDev13\L2P2Win\Debug\link.712-cvtres.read.1.tlog
C:\CppDev13\L2P2Win\Debug\link.712-cvtres.write.1.tlog
C:\CppDev13\L2P2Win\Debug\link.712-rc.read.1.tlog
C:\CppDev13\L2P2Win\Debug\link.712-rc.write.1.tlog
C:\CppDev13\L2P2Win\Debug\link.712.read.1.tlog
C:\CppDev13\L2P2Win\Debug\link.712.write.1.tlog
C:\CppDev13\L2P2Win\Debug\link.command.1.tlog
C:\CppDev13\L2P2Win\Debug\link.read.1.tlog
C:\CppDev13\L2P2Win\Debug\link.write.1.tlog
C:\CppDev13\L2P2Win\Debug\rc.command.1.tlog
C:\CppDev13\L2P2Win\Debug\rc.read.1.tlog
C:\CppDev13\L2P2Win\Debug\rc.write.1.tlog
C:\CppDev13\L2P2Win\Debug\L2P2Win.res
C:\CppDev13\L2P2Win\Debug\L2P2Win.pch
C:\CppDev13\L2P2Win\Debug\vc110.idb
C:\CppDev13\L2P2Win\Debug\L2P2Win.pdb
C:\CppDev13\L2P2Win\Debug\vc110.pdb
C:\CppDev13\L2P2Win\Debug\L2P2Win.exe
