C:\CPPDEV13\LAB1\RELEASE\DRIVER.OBJ
C:\CPPDEV13\LAB1\RELEASE\TEXT.OBJ
C:\CPPDEV13\LAB1\RELEASE\LONGWRAPPER.OBJ
C:\CPPDEV13\LAB1\RELEASE\INTWRAPPER.OBJ
C:\CPPDEV13\LAB1\RELEASE\FLOATWRAPPER.OBJ
C:\CPPDEV13\LAB1\RELEASE\FILEBASE.OBJ
C:\CPPDEV13\LAB1\RELEASE\CHARWRAPPER.OBJ
C:\CPPDEV13\LAB1\RELEASE\BOOLWRAPPER.OBJ
C:\CPPDEV13\LAB1\RELEASE\VC110.PDB
C:\CPPDEV13\LAB1\RELEASE\LAB1.EXE
C:\CPPDEV13\LAB1\RELEASE\LAB1.PDB
C:\CppDev13\Lab1\Release\BoolWrapper.obj
C:\CppDev13\Lab1\Release\CharWrapper.obj
C:\CppDev13\Lab1\Release\driver.obj
C:\CppDev13\Lab1\Release\FileBase.obj
C:\CppDev13\Lab1\Release\FloatWrapper.obj
C:\CppDev13\Lab1\Release\IntWrapper.obj
C:\CppDev13\Lab1\Release\LongWrapper.obj
C:\CppDev13\Lab1\Release\Text.obj
C:\CppDev13\Lab1\Release\cl.command.1.tlog
C:\CppDev13\Lab1\Release\CL.read.1.tlog
C:\CppDev13\Lab1\Release\CL.write.1.tlog
C:\CppDev13\Lab1\Release\link-cvtres.read.1.tlog
C:\CppDev13\Lab1\Release\link-cvtres.write.1.tlog
C:\CppDev13\Lab1\Release\link-rc.read.1.tlog
C:\CppDev13\Lab1\Release\link-rc.write.1.tlog
C:\CppDev13\Lab1\Release\link.command.1.tlog
C:\CppDev13\Lab1\Release\link.read.1.tlog
C:\CppDev13\Lab1\Release\link.write.1.tlog
C:\CppDev13\Lab1\Release\Lab1.pdb
C:\CppDev13\Lab1\Release\vc110.pdb
C:\CppDev13\Lab1\Release\Lab1.exe
