C:\CPPDEV13\L3P2WIN\RELEASE\L3P2WIN.PCH
C:\CPPDEV13\L3P2WIN\RELEASE\STDAFX.OBJ
C:\CPPDEV13\L3P2WIN\RELEASE\VC110.PDB
C:\CPPDEV13\L3P2WIN\RELEASE\L3P2WIN.OBJ
C:\CPPDEV13\L3P2WIN\RELEASE\L3P2WIN.EXE
C:\CPPDEV13\L3P2WIN\RELEASE\L3P2WIN.PDB
C:\CPPDEV13\L3P2WIN\RELEASE\L3P2WIN.RES
C:\CppDev13\L3P2Win\Release\L3P2Win.obj
C:\CppDev13\L3P2Win\Release\stdafx.obj
C:\CppDev13\L3P2Win\Release\cl.command.1.tlog
C:\CppDev13\L3P2Win\Release\CL.read.1.tlog
C:\CppDev13\L3P2Win\Release\CL.write.1.tlog
C:\CppDev13\L3P2Win\Release\link-cvtres.read.1.tlog
C:\CppDev13\L3P2Win\Release\link-cvtres.write.1.tlog
C:\CppDev13\L3P2Win\Release\link-rc.read.1.tlog
C:\CppDev13\L3P2Win\Release\link-rc.write.1.tlog
C:\CppDev13\L3P2Win\Release\link.command.1.tlog
C:\CppDev13\L3P2Win\Release\link.read.1.tlog
C:\CppDev13\L3P2Win\Release\link.write.1.tlog
C:\CppDev13\L3P2Win\Release\rc.command.1.tlog
C:\CppDev13\L3P2Win\Release\rc.read.1.tlog
C:\CppDev13\L3P2Win\Release\rc.write.1.tlog
C:\CppDev13\L3P2Win\Release\L3P2Win.res
C:\CppDev13\L3P2Win\Release\L3P2Win.pch
C:\CppDev13\L3P2Win\Release\L3P2Win.pdb
C:\CppDev13\L3P2Win\Release\vc110.pdb
C:\CppDev13\L3P2Win\Release\L3P2Win.exe
