C:\CPPDEV13\L3P2WIN\DEBUG\L3P2WIN.PCH
C:\CPPDEV13\L3P2WIN\DEBUG\STDAFX.OBJ
C:\CPPDEV13\L3P2WIN\DEBUG\VC110.PDB
C:\CPPDEV13\L3P2WIN\DEBUG\L3P2WIN.OBJ
C:\CPPDEV13\L3P2WIN\DEBUG\L3P2WIN.ILK
C:\CPPDEV13\L3P2WIN\DEBUG\L3P2WIN.EXE
C:\CPPDEV13\L3P2WIN\DEBUG\L3P2WIN.PDB
C:\CPPDEV13\L3P2WIN\DEBUG\L3P2WIN.RES
C:\CppDev13\L3P2Win\Debug\L3P2Win.obj
C:\CppDev13\L3P2Win\Debug\stdafx.obj
C:\CppDev13\L3P2Win\Debug\L3P2Win.ilk
C:\CppDev13\L3P2Win\Debug\cl.command.1.tlog
C:\CppDev13\L3P2Win\Debug\CL.read.1.tlog
C:\CppDev13\L3P2Win\Debug\CL.write.1.tlog
C:\CppDev13\L3P2Win\Debug\link-cvtres.read.1.tlog
C:\CppDev13\L3P2Win\Debug\link-cvtres.write.1.tlog
C:\CppDev13\L3P2Win\Debug\link-rc.read.1.tlog
C:\CppDev13\L3P2Win\Debug\link-rc.write.1.tlog
C:\CppDev13\L3P2Win\Debug\link.4368-cvtres.read.1.tlog
C:\CppDev13\L3P2Win\Debug\link.4368-cvtres.write.1.tlog
C:\CppDev13\L3P2Win\Debug\link.4368-rc.read.1.tlog
C:\CppDev13\L3P2Win\Debug\link.4368-rc.write.1.tlog
C:\CppDev13\L3P2Win\Debug\link.4368.read.1.tlog
C:\CppDev13\L3P2Win\Debug\link.4368.read.2.tlog
C:\CppDev13\L3P2Win\Debug\link.4368.write.1.tlog
C:\CppDev13\L3P2Win\Debug\link.4684-cvtres.read.1.tlog
C:\CppDev13\L3P2Win\Debug\link.4684-cvtres.write.1.tlog
C:\CppDev13\L3P2Win\Debug\link.4684-rc.read.1.tlog
C:\CppDev13\L3P2Win\Debug\link.4684-rc.write.1.tlog
C:\CppDev13\L3P2Win\Debug\link.4684.read.1.tlog
C:\CppDev13\L3P2Win\Debug\link.4684.read.2.tlog
C:\CppDev13\L3P2Win\Debug\link.4684.write.1.tlog
C:\CppDev13\L3P2Win\Debug\link.command.1.tlog
C:\CppDev13\L3P2Win\Debug\link.read.1.tlog
C:\CppDev13\L3P2Win\Debug\link.write.1.tlog
C:\CppDev13\L3P2Win\Debug\rc.command.1.tlog
C:\CppDev13\L3P2Win\Debug\rc.read.1.tlog
C:\CppDev13\L3P2Win\Debug\rc.write.1.tlog
C:\CppDev13\L3P2Win\Debug\L3P2Win.res
C:\CppDev13\L3P2Win\Debug\L3P2Win.pch
C:\CppDev13\L3P2Win\Debug\vc110.idb
C:\CppDev13\L3P2Win\Debug\L3P2Win.pdb
C:\CppDev13\L3P2Win\Debug\vc110.pdb
C:\CppDev13\L3P2Win\Debug\L3P2Win.exe
