C:\CPPDEV13\LAB1\DEBUG\BOOLWRAPPER.OBJ
C:\CPPDEV13\LAB1\DEBUG\CHARWRAPPER.OBJ
C:\CPPDEV13\LAB1\DEBUG\FILEBASE.OBJ
C:\CPPDEV13\LAB1\DEBUG\FLOATWRAPPER.OBJ
C:\CPPDEV13\LAB1\DEBUG\INTWRAPPER.OBJ
C:\CPPDEV13\LAB1\DEBUG\LONGWRAPPER.OBJ
C:\CPPDEV13\LAB1\DEBUG\TEXT.OBJ
C:\CPPDEV13\LAB1\DEBUG\DRIVER.OBJ
C:\CPPDEV13\LAB1\DEBUG\VC110.PDB
C:\CPPDEV13\LAB1\DEBUG\LAB1.ILK
C:\CPPDEV13\LAB1\DEBUG\LAB1.EXE
C:\CPPDEV13\LAB1\DEBUG\LAB1.PDB
C:\CppDev13\Lab1\Debug\BoolWrapper.obj
C:\CppDev13\Lab1\Debug\CharWrapper.obj
C:\CppDev13\Lab1\Debug\driver.obj
C:\CppDev13\Lab1\Debug\FileBase.obj
C:\CppDev13\Lab1\Debug\FloatWrapper.obj
C:\CppDev13\Lab1\Debug\IntWrapper.obj
C:\CppDev13\Lab1\Debug\LongWrapper.obj
C:\CppDev13\Lab1\Debug\Text.obj
C:\CppDev13\Lab1\Debug\Lab1.ilk
C:\CppDev13\Lab1\Debug\cl.command.1.tlog
C:\CppDev13\Lab1\Debug\CL.read.1.tlog
C:\CppDev13\Lab1\Debug\CL.write.1.tlog
C:\CppDev13\Lab1\Debug\link-cvtres.read.1.tlog
C:\CppDev13\Lab1\Debug\link-cvtres.write.1.tlog
C:\CppDev13\Lab1\Debug\link-rc.read.1.tlog
C:\CppDev13\Lab1\Debug\link-rc.write.1.tlog
C:\CppDev13\Lab1\Debug\link.3448-cvtres.read.1.tlog
C:\CppDev13\Lab1\Debug\link.3448-cvtres.write.1.tlog
C:\CppDev13\Lab1\Debug\link.3448-rc.read.1.tlog
C:\CppDev13\Lab1\Debug\link.3448-rc.write.1.tlog
C:\CppDev13\Lab1\Debug\link.3448.read.1.tlog
C:\CppDev13\Lab1\Debug\link.3448.write.1.tlog
C:\CppDev13\Lab1\Debug\link.3724-cvtres.read.1.tlog
C:\CppDev13\Lab1\Debug\link.3724-cvtres.write.1.tlog
C:\CppDev13\Lab1\Debug\link.3724-rc.read.1.tlog
C:\CppDev13\Lab1\Debug\link.3724-rc.write.1.tlog
C:\CppDev13\Lab1\Debug\link.3724.read.1.tlog
C:\CppDev13\Lab1\Debug\link.3724.write.1.tlog
C:\CppDev13\Lab1\Debug\link.4924-cvtres.read.1.tlog
C:\CppDev13\Lab1\Debug\link.4924-cvtres.write.1.tlog
C:\CppDev13\Lab1\Debug\link.4924-rc.read.1.tlog
C:\CppDev13\Lab1\Debug\link.4924-rc.write.1.tlog
C:\CppDev13\Lab1\Debug\link.4924.read.1.tlog
C:\CppDev13\Lab1\Debug\link.4924.write.1.tlog
C:\CppDev13\Lab1\Debug\link.command.1.tlog
C:\CppDev13\Lab1\Debug\link.read.1.tlog
C:\CppDev13\Lab1\Debug\link.write.1.tlog
C:\CppDev13\Lab1\Debug\vc110.idb
C:\CppDev13\Lab1\Debug\Lab1.pdb
C:\CppDev13\Lab1\Debug\vc110.pdb
C:\CppDev13\Lab1\Debug\Lab1.exe
