C:\CPPDEV13\L4P1\DEBUG\VC110.PDB
C:\CPPDEV13\L4P1\DEBUG\DRIVER.OBJ
C:\CPPDEV13\L4P1\DEBUG\L4P1.ILK
C:\CPPDEV13\L4P1\DEBUG\L4P1.EXE
C:\CPPDEV13\L4P1\DEBUG\L4P1.PDB
C:\CppDev13\L4P1\Debug\driver.obj
C:\CppDev13\L4P1\Debug\L4P1.ilk
C:\CppDev13\L4P1\Debug\cl.command.1.tlog
C:\CppDev13\L4P1\Debug\CL.read.1.tlog
C:\CppDev13\L4P1\Debug\CL.write.1.tlog
C:\CppDev13\L4P1\Debug\link-cvtres.read.1.tlog
C:\CppDev13\L4P1\Debug\link-cvtres.write.1.tlog
C:\CppDev13\L4P1\Debug\link-rc.read.1.tlog
C:\CppDev13\L4P1\Debug\link-rc.write.1.tlog
C:\CppDev13\L4P1\Debug\link.command.1.tlog
C:\CppDev13\L4P1\Debug\link.read.1.tlog
C:\CppDev13\L4P1\Debug\link.read.2.tlog
C:\CppDev13\L4P1\Debug\link.write.1.tlog
C:\CppDev13\L4P1\Debug\vc110.idb
C:\CppDev13\L4P1\Debug\L4P1.pdb
C:\CppDev13\L4P1\Debug\vc110.pdb
C:\CppDev13\L4P1\Debug\L4P1.exe
